#
# There is insufficient memory for the Java Runtime Environment to continue.
# Native memory allocation (malloc) failed to allocate 131088 bytes for Chunk::new
# Possible reasons:
#   The system is out of physical RAM or swap space
#   In 32 bit mode, the process size limit was hit
# Possible solutions:
#   Reduce memory load on the system
#   Increase physical memory or swap space
#   Check if swap backing store is full
#   Use 64 bit Java on a 64 bit OS
#   Decrease Java heap size (-Xmx/-Xms)
#   Decrease number of Java threads
#   Decrease Java thread stack sizes (-Xss)
#   Set larger code cache with -XX:ReservedCodeCacheSize=
# This output file may be truncated or incomplete.
#
#  Out of Memory Error (allocation.cpp:323), pid=12740, tid=8176
#
# JRE version: Java(TM) SE Runtime Environment (7.0_71-b14) (build 1.7.0_71-b14)
# Java VM: Java HotSpot(TM) 64-Bit Server VM (24.71-b01 mixed mode windows-amd64 compressed oops)
# Failed to write core dump. Minidumps are not enabled by default on client versions of Windows
#

---------------  T H R E A D  ---------------

Current thread (0x0000000008115000):  JavaThread "C2 CompilerThread0" daemon [_thread_in_native, id=8176, stack(0x0000000009680000,0x0000000009780000)]

Stack: [0x0000000009680000,0x0000000009780000]

Current CompileTask:
C2:   4014  230             com.android.dx.ssa.SCCP::run (298 bytes)


---------------  P R O C E S S  ---------------

Java Threads: ( => current thread )
  0x0000000009c49800 JavaThread "pool-1-thread-4" [_thread_in_Java, id=4452, stack(0x000000000a280000,0x000000000a380000)]
  0x0000000009c48800 JavaThread "pool-1-thread-3" [_thread_in_Java, id=10616, stack(0x000000000a180000,0x000000000a280000)]
  0x0000000009cc8800 JavaThread "pool-1-thread-2" [_thread_in_Java, id=11176, stack(0x000000000a080000,0x000000000a180000)]
  0x0000000009cc8000 JavaThread "pool-2-thread-1" [_thread_blocked, id=5672, stack(0x0000000009f80000,0x000000000a080000)]
  0x0000000009c69000 JavaThread "pool-1-thread-1" [_thread_in_Java, id=10032, stack(0x0000000009e80000,0x0000000009f80000)]
  0x0000000008125800 JavaThread "Service Thread" daemon [_thread_blocked, id=7116, stack(0x0000000009880000,0x0000000009980000)]
  0x0000000008122800 JavaThread "C2 CompilerThread1" daemon [_thread_in_native, id=6388, stack(0x0000000009780000,0x0000000009880000)]
=>0x0000000008115000 JavaThread "C2 CompilerThread0" daemon [_thread_in_native, id=8176, stack(0x0000000009680000,0x0000000009780000)]
  0x0000000008114000 JavaThread "Attach Listener" daemon [_thread_blocked, id=8476, stack(0x0000000009580000,0x0000000009680000)]
  0x0000000008111000 JavaThread "Signal Dispatcher" daemon [_thread_blocked, id=6196, stack(0x0000000009480000,0x0000000009580000)]
  0x00000000080d9000 JavaThread "Finalizer" daemon [_thread_blocked, id=4844, stack(0x0000000009380000,0x0000000009480000)]
  0x00000000080d5800 JavaThread "Reference Handler" daemon [_thread_blocked, id=7252, stack(0x0000000009280000,0x0000000009380000)]
  0x0000000001eed800 JavaThread "main" [_thread_in_Java, id=9368, stack(0x0000000001f80000,0x0000000002080000)]

Other Threads:
  0x00000000080d1800 VMThread [stack: 0x0000000009180000,0x0000000009280000] [id=9816]
  0x0000000008134000 WatcherThread [stack: 0x0000000009980000,0x0000000009a80000] [id=4056]

VM state:not at safepoint (normal execution)

VM Mutex/Monitor currently owned by a thread: None

Heap
 PSYoungGen      total 37376K, used 9960K [0x00000000eaa80000, 0x00000000ed400000, 0x0000000100000000)
  eden space 32256K, 15% used [0x00000000eaa80000,0x00000000eaf40820,0x00000000eca00000)
  from space 5120K, 99% used [0x00000000eca00000,0x00000000ecef9a60,0x00000000ecf00000)
  to   space 5120K, 0% used [0x00000000ecf00000,0x00000000ecf00000,0x00000000ed400000)
 ParOldGen       total 84480K, used 1026K [0x00000000c0000000, 0x00000000c5280000, 0x00000000eaa80000)
  object space 84480K, 1% used [0x00000000c0000000,0x00000000c0100808,0x00000000c5280000)
 PSPermGen       total 21504K, used 5806K [0x00000000bae00000, 0x00000000bc300000, 0x00000000c0000000)
  object space 21504K, 27% used [0x00000000bae00000,0x00000000bb3aba68,0x00000000bc300000)

Card table byte_map: [0x0000000005340000,0x0000000005570000] byte_map_base: 0x0000000004d69000

Polling page: 0x00000000001f0000

Code Cache  [0x0000000002280000, 0x00000000024f0000, 0x0000000005280000)
 total_blobs=469 nmethods=232 adapters=189 free_code_cache=48255Kb largest_free_block=49375936

Compilation events (10 events):
Event: 3.919 Thread 0x0000000008115000 nmethod 229 0x0000000002353fd0 code [0x0000000002354120, 0x0000000002354228]
Event: 3.919 Thread 0x0000000008115000  230             com.android.dx.ssa.SCCP::run (298 bytes)
Event: 3.984 Thread 0x0000000008122800 nmethod 228 0x0000000002365510 code [0x00000000023657e0, 0x0000000002366e68]
Event: 3.984 Thread 0x0000000008122800  231   !         com.android.dx.util.IntList::set (53 bytes)
Event: 3.985 Thread 0x0000000008122800 nmethod 231 0x0000000002353c90 code [0x0000000002353de0, 0x0000000002353eb8]
Event: 3.985 Thread 0x0000000008122800  232             com.android.dx.ssa.SsaRenamer::access$000 (5 bytes)
Event: 3.986 Thread 0x0000000008122800 nmethod 232 0x0000000002353150 code [0x0000000002353280, 0x00000000023532d8]
Event: 3.986 Thread 0x0000000008122800  233             com.android.dx.rop.code.Rop::isCallLike (5 bytes)
Event: 3.986 Thread 0x0000000008122800 nmethod 233 0x00000000023491d0 code [0x0000000002349300, 0x0000000002349358]
Event: 3.986 Thread 0x0000000008122800  234             com.android.dx.ssa.SsaBasicBlock::newFromRop (183 bytes)

GC Heap History (2 events):
Event: 3.665 GC heap before
{Heap before GC invocations=1 (full 0):
 PSYoungGen      total 37376K, used 32256K [0x00000000eaa80000, 0x00000000ed400000, 0x0000000100000000)
  eden space 32256K, 100% used [0x00000000eaa80000,0x00000000eca00000,0x00000000eca00000)
  from space 5120K, 0% used [0x00000000ecf00000,0x00000000ecf00000,0x00000000ed400000)
  to   space 5120K, 0% used [0x00000000eca00000,0x00000000eca00000,0x00000000ecf00000)
 ParOldGen       total 84480K, used 0K [0x00000000c0000000, 0x00000000c5280000, 0x00000000eaa80000)
  object space 84480K, 0% used [0x00000000c0000000,0x00000000c0000000,0x00000000c5280000)
 PSPermGen       total 21504K, used 5766K [0x00000000bae00000, 0x00000000bc300000, 0x00000000c0000000)
  object space 21504K, 26% used [0x00000000bae00000,0x00000000bb3a1970,0x00000000bc300000)
Event: 3.761 GC heap after
Heap after GC invocations=1 (full 0):
 PSYoungGen      total 37376K, used 5094K [0x00000000eaa80000, 0x00000000ed400000, 0x0000000100000000)
  eden space 32256K, 0% used [0x00000000eaa80000,0x00000000eaa80000,0x00000000eca00000)
  from space 5120K, 99% used [0x00000000eca00000,0x00000000ecef9a60,0x00000000ecf00000)
  to   space 5120K, 0% used [0x00000000ecf00000,0x00000000ecf00000,0x00000000ed400000)
 ParOldGen       total 84480K, used 1026K [0x00000000c0000000, 0x00000000c5280000, 0x00000000eaa80000)
  object space 84480K, 1% used [0x00000000c0000000,0x00000000c0100808,0x00000000c5280000)
 PSPermGen       total 21504K, used 5766K [0x00000000bae00000, 0x00000000bc300000, 0x00000000c0000000)
  object space 21504K, 26% used [0x00000000bae00000,0x00000000bb3a1970,0x00000000bc300000)
}

Deoptimization events (7 events):
Event: 2.297 Thread 0x0000000009c48800 Uncommon trap: reason=class_check action=maybe_recompile pc=0x00000000022fedb4 method=com.android.dx.ssa.NormalSsaInsn.accept(Lcom/android/dx/ssa/SsaInsn$Visitor;)V @ 9
Event: 2.414 Thread 0x0000000001eed800 Uncommon trap: reason=class_check action=maybe_recompile pc=0x00000000022fedb4 method=com.android.dx.ssa.NormalSsaInsn.accept(Lcom/android/dx/ssa/SsaInsn$Visitor;)V @ 9
Event: 2.442 Thread 0x0000000009c49800 Uncommon trap: reason=class_check action=maybe_recompile pc=0x00000000022fedb4 method=com.android.dx.ssa.NormalSsaInsn.accept(Lcom/android/dx/ssa/SsaInsn$Visitor;)V @ 9
Event: 2.565 Thread 0x0000000001eed800 Uncommon trap: reason=class_check action=maybe_recompile pc=0x00000000022fedb4 method=com.android.dx.ssa.NormalSsaInsn.accept(Lcom/android/dx/ssa/SsaInsn$Visitor;)V @ 9
Event: 2.566 Thread 0x0000000009cc8800 Uncommon trap: reason=null_check action=make_not_entrant pc=0x000000000230de0c method=com.android.dx.rop.code.LocalItem.equals(Ljava/lang/Object;)Z @ 1
Event: 3.352 Thread 0x0000000001eed800 Uncommon trap: reason=null_check action=make_not_entrant pc=0x0000000002339ab8 method=com.android.dx.rop.type.Type.putIntern(Lcom/android/dx/rop/type/Type;)Lcom/android/dx/rop/type/Type; @ 18
Event: 3.361 Thread 0x0000000001eed800 Uncommon trap: reason=null_check action=make_not_entrant pc=0x00000000023434bc method=com.android.dx.rop.code.RegisterSpec.equals(Ljava/lang/Object;)Z @ 1

Internal exceptions (10 events):
Event: 2.344 Thread 0x0000000001eed800 Threw 0x00000000eba16eb0 at C:\re\jdk7u71\1605\hotspot\src\share\vm\prims\jvm.cpp:1281
Event: 2.346 Thread 0x0000000001eed800 Threw 0x00000000eba19838 at C:\re\jdk7u71\1605\hotspot\src\share\vm\prims\jvm.cpp:1281
Event: 2.346 Thread 0x0000000001eed800 Threw 0x00000000eba1c530 at C:\re\jdk7u71\1605\hotspot\src\share\vm\prims\jvm.cpp:1281
Event: 2.348 Thread 0x0000000009c69000 Threw 0x00000000ebb1f080 at C:\re\jdk7u71\1605\hotspot\src\share\vm\prims\jvm.cpp:1281
Event: 2.361 Thread 0x0000000001eed800 Threw 0x00000000eba24f30 at C:\re\jdk7u71\1605\hotspot\src\share\vm\prims\jvm.cpp:1281
Event: 2.566 Thread 0x0000000009cc8800 Implicit null exception at 0x000000000230da28 to 0x000000000230ddf9
Event: 3.266 Thread 0x0000000009c49800 Threw 0x00000000ec61c9d8 at C:\re\jdk7u71\1605\hotspot\src\share\vm\prims\jvm.cpp:1281
Event: 3.269 Thread 0x0000000009c49800 Threw 0x00000000ec622800 at C:\re\jdk7u71\1605\hotspot\src\share\vm\prims\jvm.cpp:1281
Event: 3.352 Thread 0x0000000001eed800 Implicit null exception at 0x00000000023393c7 to 0x0000000002339aa9
Event: 3.361 Thread 0x0000000001eed800 Implicit null exception at 0x0000000002342462 to 0x000000000234348d

Events (10 events):
Event: 3.352 Thread 0x0000000001eed800 DEOPT PACKING pc=0x0000000002339ab8 sp=0x000000000207ea50
Event: 3.352 Thread 0x0000000001eed800 DEOPT UNPACKING pc=0x00000000022b75a4 sp=0x000000000207e970 mode 2
Event: 3.361 Thread 0x0000000001eed800 Uncommon trap: trap_request=0xfffffff4 fr.pc=0x00000000023434bc
Event: 3.361 Thread 0x0000000001eed800 DEOPT PACKING pc=0x00000000023434bc sp=0x000000000207e690
Event: 3.361 Thread 0x0000000001eed800 DEOPT UNPACKING pc=0x00000000022b75a4 sp=0x000000000207e5a8 mode 2
Event: 3.542 loading class 0x00000000021f76c0 done
Event: 3.543 loading class 0x00000000021f7690
Event: 3.543 loading class 0x00000000021f7690 done
Event: 3.590 Executing VM operation: ParallelGCFailedAllocation
Event: 3.761 Executing VM operation: ParallelGCFailedAllocation done


Dynamic libraries:
0x00007ff6bd160000 - 0x00007ff6bd193000 	C:\Program Files\Java\jdk1.7.0_71\bin\java.exe
0x00007ff979e70000 - 0x00007ff97a031000 	C:\WINDOWS\SYSTEM32\ntdll.dll
0x00007ff9799e0000 - 0x00007ff979a8d000 	C:\WINDOWS\system32\KERNEL32.DLL
0x00007ff9768f0000 - 0x00007ff976ad8000 	C:\WINDOWS\system32\KERNELBASE.dll
0x00007ff977590000 - 0x00007ff977637000 	C:\WINDOWS\system32\ADVAPI32.dll
0x00007ff979d30000 - 0x00007ff979dcd000 	C:\WINDOWS\system32\msvcrt.dll
0x00007ff9772f0000 - 0x00007ff97734b000 	C:\WINDOWS\system32\sechost.dll
0x00007ff979660000 - 0x00007ff97977c000 	C:\WINDOWS\system32\RPCRT4.dll
0x00007ff977640000 - 0x00007ff977796000 	C:\WINDOWS\system32\USER32.dll
0x00007ff9797e0000 - 0x00007ff979966000 	C:\WINDOWS\system32\GDI32.dll
0x00007ff967660000 - 0x00007ff9678d4000 	C:\WINDOWS\WinSxS\amd64_microsoft.windows.common-controls_6595b64144ccf1df_6.0.10586.0_none_8c15ae12515e1c22\COMCTL32.dll
0x00007ff979ab0000 - 0x00007ff979d2d000 	C:\WINDOWS\system32\combase.dll
0x00007ff976540000 - 0x00007ff9765aa000 	C:\WINDOWS\system32\bcryptPrimitives.dll
0x00007ff979e30000 - 0x00007ff979e6b000 	C:\WINDOWS\system32\IMM32.DLL
0x0000000063c70000 - 0x0000000063d42000 	C:\Program Files\Java\jdk1.7.0_71\jre\bin\msvcr100.dll
0x0000000064420000 - 0x0000000064bf3000 	C:\Program Files\Java\jdk1.7.0_71\jre\bin\server\jvm.dll
0x00007ff9772e0000 - 0x00007ff9772e8000 	C:\WINDOWS\system32\PSAPI.DLL
0x00007ff9672d0000 - 0x00007ff9672d9000 	C:\WINDOWS\SYSTEM32\WSOCK32.dll
0x00007ff979970000 - 0x00007ff9799db000 	C:\WINDOWS\system32\WS2_32.dll
0x00007ff9746e0000 - 0x00007ff974703000 	C:\WINDOWS\SYSTEM32\WINMM.dll
0x00007ff9746b0000 - 0x00007ff9746dc000 	C:\WINDOWS\SYSTEM32\WINMMBASE.dll
0x00007ff977220000 - 0x00007ff977263000 	C:\WINDOWS\system32\cfgmgr32.dll
0x0000000064410000 - 0x000000006441f000 	C:\Program Files\Java\jdk1.7.0_71\jre\bin\verify.dll
0x00000000643e0000 - 0x0000000064408000 	C:\Program Files\Java\jdk1.7.0_71\jre\bin\java.dll
0x00000000643c0000 - 0x00000000643d5000 	C:\Program Files\Java\jdk1.7.0_71\jre\bin\zip.dll
0x00000000643a0000 - 0x00000000643b9000 	C:\Program Files\Java\jdk1.7.0_71\jre\bin\net.dll
0x00007ff975d60000 - 0x00007ff975dbc000 	C:\WINDOWS\system32\mswsock.dll
0x0000000064380000 - 0x0000000064391000 	C:\Program Files\Java\jdk1.7.0_71\jre\bin\nio.dll

VM Arguments:
jvm_args: -Djava.awt.headless=true -Xmx1024M -Dfile.encoding=windows-1252 -Duser.country=US -Duser.language=en -Duser.variant 
java_command: com.android.dx.command.Main --dex --num-threads=4 --output C:\Users\Komal\AndroidStudioProjects\hw1-instagram\app\build\intermediates\pre-dexed\debug\httpclient-4.3.6_1f82dd941d9307a40f4fa81810ebf4a59aa5c1d5.jar C:\Users\Komal\.gradle\caches\modules-2\files-2.1\cz.msebera.android\httpclient\4.3.6\526a9f794eab830eae4f23a62c572878b3f491ab\httpclient-4.3.6.jar
Launcher Type: SUN_STANDARD

Environment Variables:
CLASSPATH=C:\Program Files\Mosek\7\tools\platform\win64x86\bin\mosek.jar;C:\Program Files\Mosek\7\tools\platform\win64x86\bin\fusion.jar
PATH=C:\ProgramData\Oracle\Java\javapath;C:\Program Files (x86)\Intel\iCLS Client\;C:\Program Files\Intel\iCLS Client\;C:\WINDOWS\system32;C:\WINDOWS;C:\WINDOWS\System32\Wbem;C:\WINDOWS\System32\WindowsPowerShell\v1.0\;C:\Program Files (x86)\Intel\OpenCL SDK\3.0\bin\x86;C:\Program Files (x86)\Intel\OpenCL SDK\3.0\bin\x64;C:\Program Files\Intel\Intel(R) Management Engine Components\DAL;C:\Program Files\Intel\Intel(R) Management Engine Components\IPT;C:\Program Files (x86)\Intel\Intel(R) Management Engine Components\DAL;C:\Program Files (x86)\Intel\Intel(R) Management Engine Components\IPT;C:\Program Files\SASHome\x86\Secure\ccme4;C:\Program Files\SASHome\Secure\ccme4;C:\Program Files\Mosek\7\tools\platform\win64x86\bin;c:\Rtools\bin;c:\Rtools\gcc-4.6.3\bin;C:\Program Files\Intel\WiFi\bin\;C:\Program Files\Common Files\Intel\WirelessCommon\;C:\Program Files (x86)\Skype\Phone\;C:\Program Files\Intel\WiFi\bin\;C:\Program Files\Common Files\Intel\WirelessCommon\
USERNAME=Komal
OS=Windows_NT
PROCESSOR_IDENTIFIER=Intel64 Family 6 Model 69 Stepping 1, GenuineIntel



---------------  S Y S T E M  ---------------

OS: Windows 8.1 , 64 bit Build 9600 

CPU:total 4 (2 cores per cpu, 2 threads per core) family 6 model 69 stepping 1, cmov, cx8, fxsr, mmx, sse, sse2, sse3, ssse3, sse4.1, sse4.2, popcnt, avx, avx2, aes, erms, ht, tsc, tscinvbit

Memory: 4k page, physical 8102168k(1312388k free), swap 10160040k(6316k free)

vm_info: Java HotSpot(TM) 64-Bit Server VM (24.71-b01) for windows-amd64 JRE (1.7.0_71-b14), built on Sep 26 2014 16:16:12 by "java_re" with unknown MS VC++:1600

time: Fri Feb 05 01:11:56 2016
elapsed time: 4 seconds

