#
# There is insufficient memory for the Java Runtime Environment to continue.
# Native memory allocation (malloc) failed to allocate 252656 bytes for Chunk::new
# Possible reasons:
#   The system is out of physical RAM or swap space
#   In 32 bit mode, the process size limit was hit
# Possible solutions:
#   Reduce memory load on the system
#   Increase physical memory or swap space
#   Check if swap backing store is full
#   Use 64 bit Java on a 64 bit OS
#   Decrease Java heap size (-Xmx/-Xms)
#   Decrease number of Java threads
#   Decrease Java thread stack sizes (-Xss)
#   Set larger code cache with -XX:ReservedCodeCacheSize=
# This output file may be truncated or incomplete.
#
#  Out of Memory Error (allocation.cpp:323), pid=11748, tid=6220
#
# JRE version: Java(TM) SE Runtime Environment (7.0_71-b14) (build 1.7.0_71-b14)
# Java VM: Java HotSpot(TM) 64-Bit Server VM (24.71-b01 mixed mode windows-amd64 compressed oops)
# Failed to write core dump. Minidumps are not enabled by default on client versions of Windows
#

---------------  T H R E A D  ---------------

Current thread (0x00000000080c4800):  JavaThread "C2 CompilerThread0" daemon [_thread_in_native, id=6220, stack(0x0000000009630000,0x0000000009730000)]

Stack: [0x0000000009630000,0x0000000009730000]

Current CompileTask:
C2:   5201  155             com.android.dx.ssa.SsaConverter::placePhiFunctions (394 bytes)


---------------  P R O C E S S  ---------------

Java Threads: ( => current thread )
  0x0000000009be3000 JavaThread "pool-1-thread-4" [_thread_in_Java, id=6792, stack(0x000000000a230000,0x000000000a330000)]
  0x0000000009bde800 JavaThread "pool-1-thread-3" [_thread_in_Java, id=3996, stack(0x000000000a130000,0x000000000a230000)]
  0x0000000009b0a000 JavaThread "pool-1-thread-2" [_thread_in_Java, id=12148, stack(0x000000000a030000,0x000000000a130000)]
  0x0000000009c32800 JavaThread "pool-2-thread-1" [_thread_blocked, id=8772, stack(0x0000000009f30000,0x000000000a030000)]
  0x0000000009b05000 JavaThread "pool-1-thread-1" [_thread_in_vm, id=12652, stack(0x0000000009e30000,0x0000000009f30000)]
  0x00000000080d1800 JavaThread "Service Thread" daemon [_thread_blocked, id=13132, stack(0x0000000009830000,0x0000000009930000)]
  0x00000000080d0800 JavaThread "C2 CompilerThread1" daemon [_thread_blocked, id=10544, stack(0x0000000009730000,0x0000000009830000)]
=>0x00000000080c4800 JavaThread "C2 CompilerThread0" daemon [_thread_in_native, id=6220, stack(0x0000000009630000,0x0000000009730000)]
  0x00000000080c3800 JavaThread "Attach Listener" daemon [_thread_blocked, id=5624, stack(0x0000000009530000,0x0000000009630000)]
  0x00000000080c0800 JavaThread "Signal Dispatcher" daemon [_thread_blocked, id=8736, stack(0x0000000009430000,0x0000000009530000)]
  0x0000000008089000 JavaThread "Finalizer" daemon [_thread_blocked, id=5020, stack(0x0000000009330000,0x0000000009430000)]
  0x0000000008087800 JavaThread "Reference Handler" daemon [_thread_blocked, id=7180, stack(0x0000000009230000,0x0000000009330000)]
  0x000000000212d800 JavaThread "main" [_thread_in_Java, id=4888, stack(0x0000000000700000,0x0000000000800000)]

Other Threads:
  0x0000000008081800 VMThread [stack: 0x0000000009130000,0x0000000009230000] [id=3028]
  0x00000000080df800 WatcherThread [stack: 0x0000000009930000,0x0000000009a30000] [id=5196]

VM state:not at safepoint (normal execution)

VM Mutex/Monitor currently owned by a thread: None

Heap
 PSYoungGen      total 37376K, used 23902K [0x00000000eaa80000, 0x00000000ed400000, 0x0000000100000000)
  eden space 32256K, 74% used [0x00000000eaa80000,0x00000000ec1d7bd8,0x00000000eca00000)
  from space 5120K, 0% used [0x00000000ecf00000,0x00000000ecf00000,0x00000000ed400000)
  to   space 5120K, 0% used [0x00000000eca00000,0x00000000eca00000,0x00000000ecf00000)
 ParOldGen       total 84480K, used 0K [0x00000000c0000000, 0x00000000c5280000, 0x00000000eaa80000)
  object space 84480K, 0% used [0x00000000c0000000,0x00000000c0000000,0x00000000c5280000)
 PSPermGen       total 21504K, used 5735K [0x00000000bae00000, 0x00000000bc300000, 0x00000000c0000000)
  object space 21504K, 26% used [0x00000000bae00000,0x00000000bb399cf0,0x00000000bc300000)

Card table byte_map: [0x00000000052f0000,0x0000000005520000] byte_map_base: 0x0000000004d19000

Polling page: 0x00000000001f0000

Code Cache  [0x0000000002230000, 0x00000000024a0000, 0x0000000005230000)
 total_blobs=404 nmethods=167 adapters=189 free_code_cache=48501Kb largest_free_block=49638592

Compilation events (10 events):
Event: 5.162 Thread 0x00000000080d0800  164             java.util.Arrays::copyOf (13 bytes)
Event: 5.165 Thread 0x00000000080d0800 nmethod 164 0x00000000022d0fd0 code [0x00000000022d1100, 0x00000000022d1298]
Event: 5.165 Thread 0x00000000080d0800  165             com.android.dx.rop.code.BasicBlockList::labelToBlock (46 bytes)
Event: 5.168 Thread 0x00000000080d0800 nmethod 165 0x00000000022d05d0 code [0x00000000022d0720, 0x00000000022d0858]
Event: 5.168 Thread 0x00000000080d0800  166             com.android.dx.rop.code.BasicBlock::getPrimarySuccessor (5 bytes)
Event: 5.168 Thread 0x00000000080d0800 nmethod 166 0x00000000022d0dd0 code [0x00000000022d0f00, 0x00000000022d0f58]
Event: 5.168 Thread 0x00000000080d0800  167             com.android.dx.rop.code.RegisterSpec::makeLocalOptional (7 bytes)
Event: 5.169 Thread 0x00000000080d0800 nmethod 167 0x00000000022d0390 code [0x00000000022d04e0, 0x00000000022d0548]
Event: 5.169 Thread 0x00000000080d0800  168             com.android.dx.util.FixedSizeList::getOrNull0 (7 bytes)
Event: 5.170 Thread 0x00000000080d0800 nmethod 168 0x00000000022d0110 code [0x00000000022d0240, 0x00000000022d02d8]

GC Heap History (0 events):
No events

Deoptimization events (1 events):
Event: 4.601 Thread 0x0000000009be3000 Uncommon trap: reason=null_check action=make_not_entrant pc=0x00000000022af1ec method=com.android.dx.rop.code.LocalItem.equals(Ljava/lang/Object;)Z @ 1

Internal exceptions (10 events):
Event: 4.402 Thread 0x0000000009be3000 Threw 0x00000000eb5973c8 at C:\re\jdk7u71\1605\hotspot\src\share\vm\prims\jvm.cpp:1281
Event: 4.403 Thread 0x0000000009be3000 Threw 0x00000000eb59a198 at C:\re\jdk7u71\1605\hotspot\src\share\vm\prims\jvm.cpp:1281
Event: 4.412 Thread 0x0000000009b0a000 Threw 0x00000000eb654160 at C:\re\jdk7u71\1605\hotspot\src\share\vm\prims\jvm.cpp:1281
Event: 4.414 Thread 0x000000000212d800 Threw 0x00000000eb296c98 at C:\re\jdk7u71\1605\hotspot\src\share\vm\prims\jvm.cpp:1281
Event: 4.417 Thread 0x0000000009b05000 Threw 0x00000000eb40f3c0 at C:\re\jdk7u71\1605\hotspot\src\share\vm\prims\jvm.cpp:1281
Event: 4.412 Thread 0x0000000009bde800 Threw 0x00000000eb4b4878 at C:\re\jdk7u71\1605\hotspot\src\share\vm\prims\jvm.cpp:1281
Event: 4.490 Thread 0x0000000009b05000 Threw 0x00000000eb441328 at C:\re\jdk7u71\1605\hotspot\src\share\vm\prims\jvm.cpp:1281
Event: 4.601 Thread 0x0000000009be3000 Implicit null exception at 0x00000000022ae970 to 0x00000000022af1d1
Event: 4.669 Thread 0x0000000009b05000 Threw 0x00000000eb929a80 at C:\re\jdk7u71\1605\hotspot\src\share\vm\prims\jvm.cpp:1281
Event: 4.773 Thread 0x000000000212d800 Threw 0x00000000eb7b3f10 at C:\re\jdk7u71\1605\hotspot\src\share\vm\prims\jvm.cpp:1281

Events (10 events):
Event: 4.614 loading class 0x00000000080e35d0
Event: 4.614 loading class 0x00000000080e35d0 done
Event: 4.668 loading class 0x0000000009bc9610
Event: 4.668 loading class 0x0000000009bc9610 done
Event: 4.773 loading class 0x0000000009a72320
Event: 4.773 loading class 0x0000000009a72320 done
Event: 4.777 loading class 0x00000000021a6560
Event: 4.777 loading class 0x00000000021a6560 done
Event: 4.829 loading class 0x00000000021ad350
Event: 4.829 loading class 0x00000000021ad350 done


Dynamic libraries:
0x00007ff6bd160000 - 0x00007ff6bd193000 	C:\Program Files\Java\jdk1.7.0_71\bin\java.exe
0x00007ff979e70000 - 0x00007ff97a031000 	C:\WINDOWS\SYSTEM32\ntdll.dll
0x00007ff9799e0000 - 0x00007ff979a8d000 	C:\WINDOWS\system32\KERNEL32.DLL
0x00007ff9768f0000 - 0x00007ff976ad8000 	C:\WINDOWS\system32\KERNELBASE.dll
0x00007ff977590000 - 0x00007ff977637000 	C:\WINDOWS\system32\ADVAPI32.dll
0x00007ff979d30000 - 0x00007ff979dcd000 	C:\WINDOWS\system32\msvcrt.dll
0x00007ff9772f0000 - 0x00007ff97734b000 	C:\WINDOWS\system32\sechost.dll
0x00007ff979660000 - 0x00007ff97977c000 	C:\WINDOWS\system32\RPCRT4.dll
0x00007ff977640000 - 0x00007ff977796000 	C:\WINDOWS\system32\USER32.dll
0x00007ff9797e0000 - 0x00007ff979966000 	C:\WINDOWS\system32\GDI32.dll
0x00007ff967660000 - 0x00007ff9678d4000 	C:\WINDOWS\WinSxS\amd64_microsoft.windows.common-controls_6595b64144ccf1df_6.0.10586.0_none_8c15ae12515e1c22\COMCTL32.dll
0x00007ff979ab0000 - 0x00007ff979d2d000 	C:\WINDOWS\system32\combase.dll
0x00007ff976540000 - 0x00007ff9765aa000 	C:\WINDOWS\system32\bcryptPrimitives.dll
0x00007ff979e30000 - 0x00007ff979e6b000 	C:\WINDOWS\system32\IMM32.DLL
0x0000000063c70000 - 0x0000000063d42000 	C:\Program Files\Java\jdk1.7.0_71\jre\bin\msvcr100.dll
0x0000000064420000 - 0x0000000064bf3000 	C:\Program Files\Java\jdk1.7.0_71\jre\bin\server\jvm.dll
0x00007ff9772e0000 - 0x00007ff9772e8000 	C:\WINDOWS\system32\PSAPI.DLL
0x00007ff9672d0000 - 0x00007ff9672d9000 	C:\WINDOWS\SYSTEM32\WSOCK32.dll
0x00007ff979970000 - 0x00007ff9799db000 	C:\WINDOWS\system32\WS2_32.dll
0x00007ff9746e0000 - 0x00007ff974703000 	C:\WINDOWS\SYSTEM32\WINMM.dll
0x00007ff9746b0000 - 0x00007ff9746dc000 	C:\WINDOWS\SYSTEM32\WINMMBASE.dll
0x00007ff977220000 - 0x00007ff977263000 	C:\WINDOWS\system32\cfgmgr32.dll
0x0000000064410000 - 0x000000006441f000 	C:\Program Files\Java\jdk1.7.0_71\jre\bin\verify.dll
0x00000000643e0000 - 0x0000000064408000 	C:\Program Files\Java\jdk1.7.0_71\jre\bin\java.dll
0x00000000643c0000 - 0x00000000643d5000 	C:\Program Files\Java\jdk1.7.0_71\jre\bin\zip.dll
0x00000000643a0000 - 0x00000000643b9000 	C:\Program Files\Java\jdk1.7.0_71\jre\bin\net.dll
0x00007ff975d60000 - 0x00007ff975dbc000 	C:\WINDOWS\system32\mswsock.dll
0x0000000064380000 - 0x0000000064391000 	C:\Program Files\Java\jdk1.7.0_71\jre\bin\nio.dll

VM Arguments:
jvm_args: -Djava.awt.headless=true -Xmx1024M -Dfile.encoding=windows-1252 -Duser.country=US -Duser.language=en -Duser.variant 
java_command: com.android.dx.command.Main --dex --num-threads=4 --output C:\Users\Komal\AndroidStudioProjects\hw1-instagram\app\build\intermediates\pre-dexed\debug\com.android.support-recyclerview-v7-23.1.1_c8f7bd10aca906aa5ae8e110859a5b0a9dcd053c.jar C:\Users\Komal\AndroidStudioProjects\hw1-instagram\app\build\intermediates\exploded-aar\com.android.support\recyclerview-v7\23.1.1\jars\classes.jar
Launcher Type: SUN_STANDARD

Environment Variables:
CLASSPATH=C:\Program Files\Mosek\7\tools\platform\win64x86\bin\mosek.jar;C:\Program Files\Mosek\7\tools\platform\win64x86\bin\fusion.jar
PATH=C:\ProgramData\Oracle\Java\javapath;C:\Program Files (x86)\Intel\iCLS Client\;C:\Program Files\Intel\iCLS Client\;C:\WINDOWS\system32;C:\WINDOWS;C:\WINDOWS\System32\Wbem;C:\WINDOWS\System32\WindowsPowerShell\v1.0\;C:\Program Files (x86)\Intel\OpenCL SDK\3.0\bin\x86;C:\Program Files (x86)\Intel\OpenCL SDK\3.0\bin\x64;C:\Program Files\Intel\Intel(R) Management Engine Components\DAL;C:\Program Files\Intel\Intel(R) Management Engine Components\IPT;C:\Program Files (x86)\Intel\Intel(R) Management Engine Components\DAL;C:\Program Files (x86)\Intel\Intel(R) Management Engine Components\IPT;C:\Program Files\SASHome\x86\Secure\ccme4;C:\Program Files\SASHome\Secure\ccme4;C:\Program Files\Mosek\7\tools\platform\win64x86\bin;c:\Rtools\bin;c:\Rtools\gcc-4.6.3\bin;C:\Program Files\Intel\WiFi\bin\;C:\Program Files\Common Files\Intel\WirelessCommon\;C:\Program Files (x86)\Skype\Phone\;C:\Program Files\Intel\WiFi\bin\;C:\Program Files\Common Files\Intel\WirelessCommon\
USERNAME=Komal
OS=Windows_NT
PROCESSOR_IDENTIFIER=Intel64 Family 6 Model 69 Stepping 1, GenuineIntel



---------------  S Y S T E M  ---------------

OS: Windows 8.1 , 64 bit Build 9600 

CPU:total 4 (2 cores per cpu, 2 threads per core) family 6 model 69 stepping 1, cmov, cx8, fxsr, mmx, sse, sse2, sse3, ssse3, sse4.1, sse4.2, popcnt, avx, avx2, aes, erms, ht, tsc, tscinvbit

Memory: 4k page, physical 8102168k(1208368k free), swap 10160040k(5196k free)

vm_info: Java HotSpot(TM) 64-Bit Server VM (24.71-b01) for windows-amd64 JRE (1.7.0_71-b14), built on Sep 26 2014 16:16:12 by "java_re" with unknown MS VC++:1600

time: Fri Feb 05 01:07:19 2016
elapsed time: 5 seconds

