#
# There is insufficient memory for the Java Runtime Environment to continue.
# Native memory allocation (malloc) failed to allocate 633296 bytes for Chunk::new
# Possible reasons:
#   The system is out of physical RAM or swap space
#   In 32 bit mode, the process size limit was hit
# Possible solutions:
#   Reduce memory load on the system
#   Increase physical memory or swap space
#   Check if swap backing store is full
#   Use 64 bit Java on a 64 bit OS
#   Decrease Java heap size (-Xmx/-Xms)
#   Decrease number of Java threads
#   Decrease Java thread stack sizes (-Xss)
#   Set larger code cache with -XX:ReservedCodeCacheSize=
# This output file may be truncated or incomplete.
#
#  Out of Memory Error (allocation.cpp:323), pid=3748, tid=7456
#
# JRE version: Java(TM) SE Runtime Environment (7.0_71-b14) (build 1.7.0_71-b14)
# Java VM: Java HotSpot(TM) 64-Bit Server VM (24.71-b01 mixed mode windows-amd64 compressed oops)
# Failed to write core dump. Minidumps are not enabled by default on client versions of Windows
#

---------------  T H R E A D  ---------------

Current thread (0x0000000008152000):  JavaThread "C2 CompilerThread1" daemon [_thread_in_native, id=7456, stack(0x00000000097b0000,0x00000000098b0000)]

Stack: [0x00000000097b0000,0x00000000098b0000]

Current CompileTask:
C2:   3572  204             com.android.dx.ssa.SCCP::run (298 bytes)


---------------  P R O C E S S  ---------------

Java Threads: ( => current thread )
  0x0000000009bf4800 JavaThread "pool-1-thread-4" [_thread_in_native, id=4176, stack(0x000000000a2b0000,0x000000000a3b0000)]
  0x0000000009c70000 JavaThread "pool-1-thread-3" [_thread_in_vm, id=6500, stack(0x000000000a1b0000,0x000000000a2b0000)]
  0x0000000009d13000 JavaThread "pool-1-thread-2" [_thread_in_Java, id=7956, stack(0x000000000a0b0000,0x000000000a1b0000)]
  0x0000000009c4c000 JavaThread "pool-2-thread-1" [_thread_blocked, id=3576, stack(0x0000000009fb0000,0x000000000a0b0000)]
  0x0000000009c2f800 JavaThread "pool-1-thread-1" [_thread_in_Java, id=9016, stack(0x0000000009eb0000,0x0000000009fb0000)]
  0x0000000008155800 JavaThread "Service Thread" daemon [_thread_blocked, id=6460, stack(0x00000000098b0000,0x00000000099b0000)]
=>0x0000000008152000 JavaThread "C2 CompilerThread1" daemon [_thread_in_native, id=7456, stack(0x00000000097b0000,0x00000000098b0000)]
  0x0000000008144800 JavaThread "C2 CompilerThread0" daemon [_thread_in_native, id=9692, stack(0x00000000096b0000,0x00000000097b0000)]
  0x0000000008143800 JavaThread "Attach Listener" daemon [_thread_blocked, id=4532, stack(0x00000000095b0000,0x00000000096b0000)]
  0x0000000008140800 JavaThread "Signal Dispatcher" daemon [_thread_blocked, id=11664, stack(0x00000000094b0000,0x00000000095b0000)]
  0x0000000008109000 JavaThread "Finalizer" daemon [_thread_blocked, id=6800, stack(0x00000000093b0000,0x00000000094b0000)]
  0x0000000008106000 JavaThread "Reference Handler" daemon [_thread_blocked, id=11504, stack(0x00000000092b0000,0x00000000093b0000)]
  0x000000000216d800 JavaThread "main" [_thread_blocked, id=12076, stack(0x0000000001fe0000,0x00000000020e0000)]

Other Threads:
  0x0000000008101800 VMThread [stack: 0x00000000091b0000,0x00000000092b0000] [id=12184]
  0x0000000008163800 WatcherThread [stack: 0x00000000099b0000,0x0000000009ab0000] [id=884]

VM state:not at safepoint (normal execution)

VM Mutex/Monitor currently owned by a thread: None

Heap
 PSYoungGen      total 37376K, used 29321K [0x00000000eaa80000, 0x00000000ed400000, 0x0000000100000000)
  eden space 32256K, 90% used [0x00000000eaa80000,0x00000000ec7224c8,0x00000000eca00000)
  from space 5120K, 0% used [0x00000000ecf00000,0x00000000ecf00000,0x00000000ed400000)
  to   space 5120K, 0% used [0x00000000eca00000,0x00000000eca00000,0x00000000ecf00000)
 ParOldGen       total 84480K, used 0K [0x00000000c0000000, 0x00000000c5280000, 0x00000000eaa80000)
  object space 84480K, 0% used [0x00000000c0000000,0x00000000c0000000,0x00000000c5280000)
 PSPermGen       total 21504K, used 5808K [0x00000000bae00000, 0x00000000bc300000, 0x00000000c0000000)
  object space 21504K, 27% used [0x00000000bae00000,0x00000000bb3ac320,0x00000000bc300000)

Card table byte_map: [0x0000000005370000,0x00000000055a0000] byte_map_base: 0x0000000004d99000

Polling page: 0x00000000001f0000

Code Cache  [0x0000000002370000, 0x00000000025e0000, 0x0000000005370000)
 total_blobs=442 nmethods=205 adapters=189 free_code_cache=48332Kb largest_free_block=49464320

Compilation events (10 events):
Event: 3.511 Thread 0x0000000008152000  202             java.util.ArrayList::ensureCapacity (28 bytes)
Event: 3.513 Thread 0x0000000008152000 nmethod 202 0x000000000243a450 code [0x000000000243a5a0, 0x000000000243a6b8]
Event: 3.516 Thread 0x0000000008144800  203             java.lang.AbstractStringBuilder::ensureCapacityInternal (16 bytes)
Event: 3.522 Thread 0x0000000008144800 nmethod 203 0x0000000002439a90 code [0x0000000002439be0, 0x0000000002439e78]
Event: 3.528 Thread 0x0000000008152000  204             com.android.dx.ssa.SCCP::run (298 bytes)
Event: 3.532 Thread 0x0000000008144800  205             java.util.AbstractMap::<init> (15 bytes)
Event: 3.533 Thread 0x0000000008144800 nmethod 205 0x00000000024405d0 code [0x0000000002440700, 0x0000000002440758]
Event: 3.537 Thread 0x0000000008144800  206             com.android.dx.util.IntList::mutableCopy (39 bytes)
Event: 3.554 Thread 0x0000000008144800 nmethod 206 0x0000000002429f90 code [0x000000000242a100, 0x000000000242a6d8]
Event: 3.560 Thread 0x0000000008144800  207   !         com.android.dx.rop.code.BasicBlock::<init> (273 bytes)

GC Heap History (0 events):
No events

Deoptimization events (1 events):
Event: 2.147 Thread 0x0000000009d13000 Uncommon trap: reason=null_check action=make_not_entrant pc=0x00000000023f424c method=com.android.dx.rop.code.LocalItem.equals(Ljava/lang/Object;)Z @ 1

Internal exceptions (10 events):
Event: 1.928 Thread 0x000000000216d800 Threw 0x00000000eb66c188 at C:\re\jdk7u71\1605\hotspot\src\share\vm\prims\jvm.cpp:1281
Event: 1.944 Thread 0x0000000009d13000 Threw 0x00000000eb715b50 at C:\re\jdk7u71\1605\hotspot\src\share\vm\prims\jvm.cpp:1281
Event: 2.081 Thread 0x0000000009c70000 Threw 0x00000000eb8ef268 at C:\re\jdk7u71\1605\hotspot\src\share\vm\prims\jvm.cpp:1281
Event: 2.147 Thread 0x0000000009d13000 Implicit null exception at 0x00000000023f3e68 to 0x00000000023f4239
Event: 2.189 Thread 0x000000000216d800 Threw 0x00000000eba2c5d8 at C:\re\jdk7u71\1605\hotspot\src\share\vm\prims\jvm.cpp:1281
Event: 2.291 Thread 0x0000000009c2f800 Threw 0x00000000ebb51cb0 at C:\re\jdk7u71\1605\hotspot\src\share\vm\prims\jvm.cpp:1281
Event: 2.292 Thread 0x0000000009c2f800 Threw 0x00000000ebb57500 at C:\re\jdk7u71\1605\hotspot\src\share\vm\prims\jvm.cpp:1281
Event: 2.293 Thread 0x0000000009c2f800 Threw 0x00000000ebb5cac8 at C:\re\jdk7u71\1605\hotspot\src\share\vm\prims\jvm.cpp:1281
Event: 2.414 Thread 0x000000000216d800 Threw 0x00000000ebca2270 at C:\re\jdk7u71\1605\hotspot\src\share\vm\prims\jvm.cpp:1281
Event: 2.414 Thread 0x0000000009c2f800 Threw 0x00000000ebba6d90 at C:\re\jdk7u71\1605\hotspot\src\share\vm\prims\jvm.cpp:1281

Events (10 events):
Event: 2.414 loading class 0x0000000008194360
Event: 2.414 loading class 0x0000000008194360 done
Event: 2.414 loading class 0x0000000009c4c850
Event: 2.414 loading class 0x0000000009c4c850 done
Event: 3.430 loading class 0x0000000008167040
Event: 3.430 loading class 0x0000000008167040 done
Event: 3.430 loading class 0x0000000008167010
Event: 3.431 loading class 0x0000000008167010 done
Event: 3.431 Executing VM operation: Deoptimize
Event: 3.431 Executing VM operation: Deoptimize done


Dynamic libraries:
0x00007ff6bd160000 - 0x00007ff6bd193000 	C:\Program Files\Java\jdk1.7.0_71\bin\java.exe
0x00007ff979e70000 - 0x00007ff97a031000 	C:\WINDOWS\SYSTEM32\ntdll.dll
0x00007ff9799e0000 - 0x00007ff979a8d000 	C:\WINDOWS\system32\KERNEL32.DLL
0x00007ff9768f0000 - 0x00007ff976ad8000 	C:\WINDOWS\system32\KERNELBASE.dll
0x00007ff977590000 - 0x00007ff977637000 	C:\WINDOWS\system32\ADVAPI32.dll
0x00007ff979d30000 - 0x00007ff979dcd000 	C:\WINDOWS\system32\msvcrt.dll
0x00007ff9772f0000 - 0x00007ff97734b000 	C:\WINDOWS\system32\sechost.dll
0x00007ff979660000 - 0x00007ff97977c000 	C:\WINDOWS\system32\RPCRT4.dll
0x00007ff977640000 - 0x00007ff977796000 	C:\WINDOWS\system32\USER32.dll
0x00007ff9797e0000 - 0x00007ff979966000 	C:\WINDOWS\system32\GDI32.dll
0x00007ff967660000 - 0x00007ff9678d4000 	C:\WINDOWS\WinSxS\amd64_microsoft.windows.common-controls_6595b64144ccf1df_6.0.10586.0_none_8c15ae12515e1c22\COMCTL32.dll
0x00007ff979ab0000 - 0x00007ff979d2d000 	C:\WINDOWS\system32\combase.dll
0x00007ff976540000 - 0x00007ff9765aa000 	C:\WINDOWS\system32\bcryptPrimitives.dll
0x00007ff979e30000 - 0x00007ff979e6b000 	C:\WINDOWS\system32\IMM32.DLL
0x0000000063c70000 - 0x0000000063d42000 	C:\Program Files\Java\jdk1.7.0_71\jre\bin\msvcr100.dll
0x0000000064420000 - 0x0000000064bf3000 	C:\Program Files\Java\jdk1.7.0_71\jre\bin\server\jvm.dll
0x00007ff9772e0000 - 0x00007ff9772e8000 	C:\WINDOWS\system32\PSAPI.DLL
0x00007ff9672d0000 - 0x00007ff9672d9000 	C:\WINDOWS\SYSTEM32\WSOCK32.dll
0x00007ff979970000 - 0x00007ff9799db000 	C:\WINDOWS\system32\WS2_32.dll
0x00007ff9746e0000 - 0x00007ff974703000 	C:\WINDOWS\SYSTEM32\WINMM.dll
0x00007ff9746b0000 - 0x00007ff9746dc000 	C:\WINDOWS\SYSTEM32\WINMMBASE.dll
0x00007ff977220000 - 0x00007ff977263000 	C:\WINDOWS\system32\cfgmgr32.dll
0x0000000064410000 - 0x000000006441f000 	C:\Program Files\Java\jdk1.7.0_71\jre\bin\verify.dll
0x00000000643e0000 - 0x0000000064408000 	C:\Program Files\Java\jdk1.7.0_71\jre\bin\java.dll
0x00000000643c0000 - 0x00000000643d5000 	C:\Program Files\Java\jdk1.7.0_71\jre\bin\zip.dll
0x00000000643a0000 - 0x00000000643b9000 	C:\Program Files\Java\jdk1.7.0_71\jre\bin\net.dll
0x00007ff975d60000 - 0x00007ff975dbc000 	C:\WINDOWS\system32\mswsock.dll
0x0000000064380000 - 0x0000000064391000 	C:\Program Files\Java\jdk1.7.0_71\jre\bin\nio.dll

VM Arguments:
jvm_args: -Djava.awt.headless=true -Xmx1024M -Dfile.encoding=windows-1252 -Duser.country=US -Duser.language=en -Duser.variant 
java_command: com.android.dx.command.Main --dex --num-threads=4 --output C:\Users\Komal\AndroidStudioProjects\hw1-instagram\app\build\intermediates\pre-dexed\debug\com.android.support-design-23.1.1_f4fe53bd960081c1c4cbf96c3821975ab017d5ca.jar C:\Users\Komal\AndroidStudioProjects\hw1-instagram\app\build\intermediates\exploded-aar\com.android.support\design\23.1.1\jars\classes.jar
Launcher Type: SUN_STANDARD

Environment Variables:
CLASSPATH=C:\Program Files\Mosek\7\tools\platform\win64x86\bin\mosek.jar;C:\Program Files\Mosek\7\tools\platform\win64x86\bin\fusion.jar
PATH=C:\ProgramData\Oracle\Java\javapath;C:\Program Files (x86)\Intel\iCLS Client\;C:\Program Files\Intel\iCLS Client\;C:\WINDOWS\system32;C:\WINDOWS;C:\WINDOWS\System32\Wbem;C:\WINDOWS\System32\WindowsPowerShell\v1.0\;C:\Program Files (x86)\Intel\OpenCL SDK\3.0\bin\x86;C:\Program Files (x86)\Intel\OpenCL SDK\3.0\bin\x64;C:\Program Files\Intel\Intel(R) Management Engine Components\DAL;C:\Program Files\Intel\Intel(R) Management Engine Components\IPT;C:\Program Files (x86)\Intel\Intel(R) Management Engine Components\DAL;C:\Program Files (x86)\Intel\Intel(R) Management Engine Components\IPT;C:\Program Files\SASHome\x86\Secure\ccme4;C:\Program Files\SASHome\Secure\ccme4;C:\Program Files\Mosek\7\tools\platform\win64x86\bin;c:\Rtools\bin;c:\Rtools\gcc-4.6.3\bin;C:\Program Files\Intel\WiFi\bin\;C:\Program Files\Common Files\Intel\WirelessCommon\;C:\Program Files (x86)\Skype\Phone\;C:\Program Files\Intel\WiFi\bin\;C:\Program Files\Common Files\Intel\WirelessCommon\
USERNAME=Komal
OS=Windows_NT
PROCESSOR_IDENTIFIER=Intel64 Family 6 Model 69 Stepping 1, GenuineIntel



---------------  S Y S T E M  ---------------

OS: Windows 8.1 , 64 bit Build 9600 

CPU:total 4 (2 cores per cpu, 2 threads per core) family 6 model 69 stepping 1, cmov, cx8, fxsr, mmx, sse, sse2, sse3, ssse3, sse4.1, sse4.2, popcnt, avx, avx2, aes, erms, ht, tsc, tscinvbit

Memory: 4k page, physical 8102168k(1312232k free), swap 10160040k(5244k free)

vm_info: Java HotSpot(TM) 64-Bit Server VM (24.71-b01) for windows-amd64 JRE (1.7.0_71-b14), built on Sep 26 2014 16:16:12 by "java_re" with unknown MS VC++:1600

time: Fri Feb 05 01:11:56 2016
elapsed time: 3 seconds

