#
# There is insufficient memory for the Java Runtime Environment to continue.
# Native memory allocation (malloc) failed to allocate 1048576 bytes for AllocateHeap
# Possible reasons:
#   The system is out of physical RAM or swap space
#   In 32 bit mode, the process size limit was hit
# Possible solutions:
#   Reduce memory load on the system
#   Increase physical memory or swap space
#   Check if swap backing store is full
#   Use 64 bit Java on a 64 bit OS
#   Decrease Java heap size (-Xmx/-Xms)
#   Decrease number of Java threads
#   Decrease Java thread stack sizes (-Xss)
#   Set larger code cache with -XX:ReservedCodeCacheSize=
# This output file may be truncated or incomplete.
#
#  Out of Memory Error (memory/allocation.inline.hpp:61), pid=2896, tid=6200
#
# JRE version:  (7.0_71-b14) (build )
# Java VM: Java HotSpot(TM) 64-Bit Server VM (24.71-b01 mixed mode windows-amd64 compressed oops)
# Failed to write core dump. Minidumps are not enabled by default on client versions of Windows
#

---------------  T H R E A D  ---------------

Current thread (0x000000000217d800):  JavaThread "Unknown thread" [_thread_in_vm, id=6200, stack(0x0000000001e60000,0x0000000001f60000)]

Stack: [0x0000000001e60000,0x0000000001f60000]

---------------  P R O C E S S  ---------------

Java Threads: ( => current thread )

Other Threads:

=>0x000000000217d800 (exited) JavaThread "Unknown thread" [_thread_in_vm, id=6200, stack(0x0000000001e60000,0x0000000001f60000)]

VM state:not at safepoint (normal execution)

VM Mutex/Monitor currently owned by a thread: None

Heap
 PSYoungGen      total 37376K, used 645K [0x00000000eaa80000, 0x00000000ed400000, 0x0000000100000000)
  eden space 32256K, 2% used [0x00000000eaa80000,0x00000000eab214d0,0x00000000eca00000)
  from space 5120K, 0% used [0x00000000ecf00000,0x00000000ecf00000,0x00000000ed400000)
  to   space 5120K, 0% used [0x00000000eca00000,0x00000000eca00000,0x00000000ecf00000)
 ParOldGen       total 84480K, used 0K [0x00000000c0000000, 0x00000000c5280000, 0x00000000eaa80000)
  object space 84480K, 0% used [0x00000000c0000000,0x00000000c0000000,0x00000000c5280000)
 PSPermGen       total 21504K, used 694K [0x00000000bae00000, 0x00000000bc300000, 0x00000000c0000000)
  object space 21504K, 3% used [0x00000000bae00000,0x00000000baead9f8,0x00000000bc300000)

Card table byte_map: [0x0000000005280000,0x00000000054b0000] byte_map_base: 0x0000000004ca9000

Polling page: 0x00000000001f0000

Code Cache  [0x0000000002280000, 0x00000000024f0000, 0x0000000005280000)
 total_blobs=38 nmethods=0 adapters=20 free_code_cache=48889Kb largest_free_block=50062528

Compilation events (0 events):
No events

GC Heap History (0 events):
No events

Deoptimization events (0 events):
No events

Internal exceptions (0 events):
No events

Events (10 events):
Event: 0.322 loading class 0x00000000021c68b0
Event: 0.322 loading class 0x00000000021c68b0 done
Event: 0.322 loading class 0x00000000021c6900
Event: 0.323 loading class 0x00000000021c6900 done
Event: 0.323 loading class 0x00000000021c6950
Event: 0.324 loading class 0x00000000021c6950 done
Event: 0.325 loading class 0x00000000021c76b0
Event: 0.325 loading class 0x00000000021c76b0 done
Event: 0.325 loading class 0x00000000021c72d0
Event: 0.325 loading class 0x00000000021c72d0 done


Dynamic libraries:
0x00007ff6bd160000 - 0x00007ff6bd193000 	C:\Program Files\Java\jdk1.7.0_71\bin\java.exe
0x00007ff979e70000 - 0x00007ff97a031000 	C:\WINDOWS\SYSTEM32\ntdll.dll
0x00007ff9799e0000 - 0x00007ff979a8d000 	C:\WINDOWS\system32\KERNEL32.DLL
0x00007ff9768f0000 - 0x00007ff976ad8000 	C:\WINDOWS\system32\KERNELBASE.dll
0x00007ff977590000 - 0x00007ff977637000 	C:\WINDOWS\system32\ADVAPI32.dll
0x00007ff979d30000 - 0x00007ff979dcd000 	C:\WINDOWS\system32\msvcrt.dll
0x00007ff9772f0000 - 0x00007ff97734b000 	C:\WINDOWS\system32\sechost.dll
0x00007ff979660000 - 0x00007ff97977c000 	C:\WINDOWS\system32\RPCRT4.dll
0x00007ff977640000 - 0x00007ff977796000 	C:\WINDOWS\system32\USER32.dll
0x00007ff9797e0000 - 0x00007ff979966000 	C:\WINDOWS\system32\GDI32.dll
0x00007ff967660000 - 0x00007ff9678d4000 	C:\WINDOWS\WinSxS\amd64_microsoft.windows.common-controls_6595b64144ccf1df_6.0.10586.0_none_8c15ae12515e1c22\COMCTL32.dll
0x00007ff979ab0000 - 0x00007ff979d2d000 	C:\WINDOWS\system32\combase.dll
0x00007ff976540000 - 0x00007ff9765aa000 	C:\WINDOWS\system32\bcryptPrimitives.dll
0x00007ff979e30000 - 0x00007ff979e6b000 	C:\WINDOWS\system32\IMM32.DLL
0x0000000063c70000 - 0x0000000063d42000 	C:\Program Files\Java\jdk1.7.0_71\jre\bin\msvcr100.dll
0x0000000064420000 - 0x0000000064bf3000 	C:\Pro gram Files\Java\jdk1.7.0_71\jre\bin\server\jvm.dll
0x00007ff9772e0000 - 0x00007ff9772e8000 	C:\WINDOWS\system32\PSAPI.DLL
0x00007ff9672d0000 - 0x00007ff9672d9000 	C:\WINDOWS\SYSTEM32\WSOCK32.dll
0x00007ff979970000 - 0x00007ff9799db000 	C:\WINDOWS\system32\WS2_32.dll
0x00007ff9746e0000 - 0x00007ff974703000 	C:\WINDOWS\SYSTEM32\WINMM.dll
0x00007ff9746b0000 - 0x00007ff9746dc000 	C:\WINDOWS\SYSTEM32\WINMMBASE.dll
0x00007ff977220000 - 0x00007ff977263000 	C:\WINDOWS\system32\cfgmgr32.dll
0x0000000064410000 - 0x000000006441f000 	C:\Program Files\Java\jdk1.7.0_71\jre\bin\verify.dll
0x00000000643e0000 - 0x0000000064408000 	C:\Program Files\Java\jdk1.7.0_71\jre\bin\java.dll
0x00000000643c0000 - 0x00000000643d5000 	C:\Program Files\Java\jdk1.7.0_71\jre\bin\zip.dll

VM Arguments:
jvm_args: -Djava.awt.headless=true -Xmx1024M -Dfile.encoding=windows-1252 -Duser.country=US -Duser.language=en -Duser.variant 
java_command: com.android.dx.command.Main --dex --num-threads=4 --output C:\Users\Komal\AndroidStudioProjects\hw1-instagram\app\build\intermediates\pre-dexed\debug\com.android.support-recyclerview-v7-23.1.1_c8f7bd10aca906aa5ae8e110859a5b0a9dcd053c.jar C:\Users\Komal\AndroidStudioProjects\hw1-instagram\app\build\intermediates\exploded-aar\com.android.support\recyclerview-v7\23.1.1\jars\classes.jar
Launcher Type: SUN_STANDARD

Environment Variables:
CLASSPATH=C:\Program Files\Mosek\7\tools\platform\win64x86\bin\mosek.jar;C:\Program Files\Mosek\7\tools\platform\win64x86\bin\fusion.jar
PATH=C:\ProgramData\Oracle\Java\javapath;C:\Program Files (x86)\Intel\iCLS Client\;C:\Program Files\Intel\iCLS Client\;C:\WINDOWS\system32;C:\WINDOWS;C:\WINDOWS\System32\Wbem;C:\WINDOWS\System32\WindowsPowerShell\v1.0\;C:\Program Files (x86)\Intel\OpenCL SDK\3.0\bin\x86;C:\Program Files (x86)\Intel\OpenCL SDK\3.0\bin\x64;C:\Program Files\Intel\Intel(R) Management Engine Components\DAL;C:\Program Files\Intel\Intel(R) Management Engine Components\IPT;C:\Program Files (x86)\Intel\Intel(R) Management Engine Components\DAL;C:\Program Files (x86)\Intel\Intel(R) Management Engine Components\IPT;C:\Program Files\SASHome\x86\Secure\ccme4;C:\Program Files\SASHome\Secure\ccme4;C:\Program Files\Mosek\7\tools\platform\win64x86\bin;c:\Rtools\bin;c:\Rtools\gcc-4.6.3\bin;C:\Program Files\Intel\WiFi\bin\;C:\Program Files\Common Files\Intel\WirelessCommon\;C:\Program Files (x86)\Skype\Phone\;C:\Program Files\Intel\WiFi\bin\;C:\Program Files\Common Files\Intel\WirelessCommon\
USERNAME=Komal
OS=Windows_NT
PROCESSOR_IDENTIFIER=Intel64 Family 6 Model 69 Stepping 1, GenuineIntel



---------------  S Y S T E M  ---------------

OS: Windows 8.1 , 64 bit Build 9600 

CPU:total 4 (2 cores per cpu, 2 threads per core) family 6 model 69 stepping 1, cmov, cx8, fxsr, mmx, sse, sse2, sse3, ssse3, sse4.1, sse4.2, popcnt, avx, avx2, aes, erms, ht, tsc, tscinvbit

Memory: 4k page, physical 8102168k(1362984k free), swap 10160040k(5376k free)

vm_info: Java HotSpot(TM) 64-Bit Server VM (24.71-b01) for windows-amd64 JRE (1.7.0_71-b14), built on Sep 26 2014 16:16:12 by "java_re" with unknown MS VC++:1600

time: Fri Feb 05 01:11:53 2016
elapsed time: 0 seconds

